[   43490ms] [ERROR] The Content Security Policy directive 'frame-ancestors' is ignored when delivered via a <meta> element. @ http://localhost:5500/index.html:16
[   43497ms] [ERROR] Executing inline script violates the following Content Security Policy directive 'script-src 'self' 'sha384-tsCQS0ke6XMJa8OsPrBXsKsk6Y40fbUxlCfnLi3xWPtgH7TZXjLfXY6pv/Kb0FoU' https://cdn.jsdelivr.net https://cdnjs.cloudflare.com'. Either the 'unsafe-inline' keyword, a hash ('sha256-VSbWVt1jTZyKNhStSHwZJ3eqEydVTKtVm2djS16tIKA='), or a nonce ('nonce-...') is required to enable inline execution. The action has been blocked. @ http://localhost:5500/index.html:41
[   44592ms] ReferenceError: formatCurrency is not defined
    at Object.recAutomation (http://localhost:5500/src/i18n.js:98:41)
    at Object.updateRecs (http://localhost:5500/src/ui-renderers.js:144:69)
    at Object.calculate (http://localhost:5500/src/ui-renderers.js:132:9)
    at window.onload (http://localhost:5500/src/main.js:124:9)
[   44648ms] [ERROR] Failed to load resource: the server responded with a status of 404 (Not Found) @ http://localhost:5500/favicon.ico:0
[  138019ms] ReferenceError: formatCurrency is not defined
    at Object.recAutomation (http://localhost:5500/src/i18n.js:98:41)
    at Object.updateRecs (http://localhost:5500/src/ui-renderers.js:144:69)
    at HTMLInputElement.calculate (http://localhost:5500/src/ui-renderers.js:132:9)
[  138593ms] ReferenceError: formatCurrency is not defined
    at Object.recAutomation (http://localhost:5500/src/i18n.js:98:41)
    at Object.updateRecs (http://localhost:5500/src/ui-renderers.js:144:69)
    at HTMLInputElement.calculate (http://localhost:5500/src/ui-renderers.js:132:9)
[  138681ms] ReferenceError: formatCurrency is not defined
    at Object.recAutomation (http://localhost:5500/src/i18n.js:98:41)
    at Object.updateRecs (http://localhost:5500/src/ui-renderers.js:144:69)
    at HTMLInputElement.calculate (http://localhost:5500/src/ui-renderers.js:132:9)
[  138955ms] ReferenceError: formatCurrency is not defined
    at Object.recAutomation (http://localhost:5500/src/i18n.js:98:41)
    at Object.updateRecs (http://localhost:5500/src/ui-renderers.js:144:69)
    at HTMLInputElement.calculate (http://localhost:5500/src/ui-renderers.js:132:9)
[  141241ms] ReferenceError: formatCurrency is not defined
    at Object.recAutomation (http://localhost:5500/src/i18n.js:98:41)
    at Object.updateRecs (http://localhost:5500/src/ui-renderers.js:144:69)
    at HTMLInputElement.calculate (http://localhost:5500/src/ui-renderers.js:132:9)
[  141297ms] ReferenceError: formatCurrency is not defined
    at Object.recAutomation (http://localhost:5500/src/i18n.js:98:41)
    at Object.updateRecs (http://localhost:5500/src/ui-renderers.js:144:69)
    at HTMLInputElement.calculate (http://localhost:5500/src/ui-renderers.js:132:9)
[  141994ms] ReferenceError: formatCurrency is not defined
    at Object.recAutomation (http://localhost:5500/src/i18n.js:98:41)
    at Object.updateRecs (http://localhost:5500/src/ui-renderers.js:144:69)
    at HTMLInputElement.calculate (http://localhost:5500/src/ui-renderers.js:132:9)
[  142411ms] ReferenceError: formatCurrency is not defined
    at Object.recAutomation (http://localhost:5500/src/i18n.js:98:41)
    at Object.updateRecs (http://localhost:5500/src/ui-renderers.js:144:69)
    at HTMLInputElement.calculate (http://localhost:5500/src/ui-renderers.js:132:9)
[  142472ms] ReferenceError: formatCurrency is not defined
    at Object.recAutomation (http://localhost:5500/src/i18n.js:98:41)
    at Object.updateRecs (http://localhost:5500/src/ui-renderers.js:144:69)
    at HTMLInputElement.calculate (http://localhost:5500/src/ui-renderers.js:132:9)
[  142770ms] ReferenceError: formatCurrency is not defined
    at Object.recAutomation (http://localhost:5500/src/i18n.js:98:41)
    at Object.updateRecs (http://localhost:5500/src/ui-renderers.js:144:69)
    at HTMLInputElement.calculate (http://localhost:5500/src/ui-renderers.js:132:9)
[  143587ms] ReferenceError: formatCurrency is not defined
    at Object.recAutomation (http://localhost:5500/src/i18n.js:98:41)
    at Object.updateRecs (http://localhost:5500/src/ui-renderers.js:144:69)
    at HTMLInputElement.calculate (http://localhost:5500/src/ui-renderers.js:132:9)
[  291918ms] ReferenceError: formatCurrency is not defined
    at Object.recAutomation (http://localhost:5500/src/i18n.js:98:41)
    at Object.updateRecs (http://localhost:5500/src/ui-renderers.js:144:69)
    at Object.calculate (http://localhost:5500/src/ui-renderers.js:132:9)
    at HTMLInputElement.<anonymous> (http://localhost:5500/src/main.js:101:72)
[  292814ms] ReferenceError: formatCurrency is not defined
    at Object.recAutomation (http://localhost:5500/src/i18n.js:98:41)
    at Object.updateRecs (http://localhost:5500/src/ui-renderers.js:144:69)
    at Object.calculate (http://localhost:5500/src/ui-renderers.js:132:9)
    at HTMLInputElement.<anonymous> (http://localhost:5500/src/main.js:101:72)
[  293944ms] ReferenceError: formatCurrency is not defined
    at Object.recAutomation (http://localhost:5500/src/i18n.js:98:41)
    at Object.updateRecs (http://localhost:5500/src/ui-renderers.js:144:69)
    at Object.calculate (http://localhost:5500/src/ui-renderers.js:132:9)
    at HTMLInputElement.<anonymous> (http://localhost:5500/src/main.js:101:72)
[  295251ms] ReferenceError: formatCurrency is not defined
    at Object.recAutomation (http://localhost:5500/src/i18n.js:98:41)
    at Object.updateRecs (http://localhost:5500/src/ui-renderers.js:144:69)
    at Object.calculate (http://localhost:5500/src/ui-renderers.js:132:9)
    at HTMLInputElement.<anonymous> (http://localhost:5500/src/main.js:101:72)
[  299685ms] ReferenceError: formatCurrency is not defined
    at Object.recAutomation (http://localhost:5500/src/i18n.js:98:41)
    at Object.updateRecs (http://localhost:5500/src/ui-renderers.js:144:69)
    at HTMLInputElement.calculate (http://localhost:5500/src/ui-renderers.js:132:9)
[  299841ms] ReferenceError: formatCurrency is not defined
    at Object.recAutomation (http://localhost:5500/src/i18n.js:98:41)
    at Object.updateRecs (http://localhost:5500/src/ui-renderers.js:144:69)
    at HTMLInputElement.calculate (http://localhost:5500/src/ui-renderers.js:132:9)
[  299941ms] ReferenceError: formatCurrency is not defined
    at Object.recAutomation (http://localhost:5500/src/i18n.js:98:41)
    at Object.updateRecs (http://localhost:5500/src/ui-renderers.js:144:69)
    at HTMLInputElement.calculate (http://localhost:5500/src/ui-renderers.js:132:9)
[  300659ms] ReferenceError: formatCurrency is not defined
    at Object.recAutomation (http://localhost:5500/src/i18n.js:98:41)
    at Object.updateRecs (http://localhost:5500/src/ui-renderers.js:144:69)
    at HTMLInputElement.calculate (http://localhost:5500/src/ui-renderers.js:132:9)
[  300768ms] ReferenceError: formatCurrency is not defined
    at Object.recAutomation (http://localhost:5500/src/i18n.js:98:41)
    at Object.updateRecs (http://localhost:5500/src/ui-renderers.js:144:69)
    at HTMLInputElement.calculate (http://localhost:5500/src/ui-renderers.js:132:9)
[  300862ms] ReferenceError: formatCurrency is not defined
    at Object.recAutomation (http://localhost:5500/src/i18n.js:98:41)
    at Object.updateRecs (http://localhost:5500/src/ui-renderers.js:144:69)
    at HTMLInputElement.calculate (http://localhost:5500/src/ui-renderers.js:132:9)
[  302990ms] ReferenceError: formatCurrency is not defined
    at Object.recAutomation (http://localhost:5500/src/i18n.js:98:41)
    at Object.updateRecs (http://localhost:5500/src/ui-renderers.js:144:69)
    at HTMLInputElement.calculate (http://localhost:5500/src/ui-renderers.js:132:9)
[  303548ms] ReferenceError: formatCurrency is not defined
    at Object.recAutomation (http://localhost:5500/src/i18n.js:98:41)
    at Object.updateRecs (http://localhost:5500/src/ui-renderers.js:144:69)
    at HTMLInputElement.calculate (http://localhost:5500/src/ui-renderers.js:132:9)
[  303642ms] ReferenceError: formatCurrency is not defined
    at Object.recAutomation (http://localhost:5500/src/i18n.js:98:41)
    at Object.updateRecs (http://localhost:5500/src/ui-renderers.js:144:69)
    at HTMLInputElement.calculate (http://localhost:5500/src/ui-renderers.js:132:9)
[  323325ms] ReferenceError: formatCurrency is not defined
    at Object.recAutomation (http://localhost:5500/src/i18n.js:98:41)
    at Object.updateRecs (http://localhost:5500/src/ui-renderers.js:144:69)
    at Object.calculate (http://localhost:5500/src/ui-renderers.js:132:9)
    at Object.toggleCurrency (http://localhost:5500/src/utils.js:111:9)
    at HTMLSelectElement.<anonymous> (http://localhost:5500/src/main.js:59:76)
[  324994ms] ReferenceError: formatCurrency is not defined
    at Object.recAutomation (http://localhost:5500/src/i18n.js:446:41)
    at Object.updateRecs (http://localhost:5500/src/ui-renderers.js:144:69)
    at Object.calculate (http://localhost:5500/src/ui-renderers.js:132:9)
    at HTMLButtonElement.toggleLang (http://localhost:5500/src/utils.js:64:9)
[  331668ms] ReferenceError: formatCurrency is not defined
    at Object.recAutomation (http://localhost:5500/src/i18n.js:98:41)
    at Object.updateRecs (http://localhost:5500/src/ui-renderers.js:144:69)
    at Object.calculate (http://localhost:5500/src/ui-renderers.js:132:9)
    at HTMLButtonElement.toggleLang (http://localhost:5500/src/utils.js:64:9)
[  353366ms] [ERROR] The Content Security Policy directive 'frame-ancestors' is ignored when delivered via a <meta> element. @ http://localhost:5500/index.html:16
[  353377ms] [ERROR] Executing inline script violates the following Content Security Policy directive 'script-src 'self' 'sha384-tsCQS0ke6XMJa8OsPrBXsKsk6Y40fbUxlCfnLi3xWPtgH7TZXjLfXY6pv/Kb0FoU' https://cdn.jsdelivr.net https://cdnjs.cloudflare.com'. Either the 'unsafe-inline' keyword, a hash ('sha256-VSbWVt1jTZyKNhStSHwZJ3eqEydVTKtVm2djS16tIKA='), or a nonce ('nonce-...') is required to enable inline execution. The action has been blocked. @ http://localhost:5500/index.html:41
[  353836ms] ReferenceError: formatCurrency is not defined
    at Object.recAutomation (http://localhost:5500/src/i18n.js:98:41)
    at Object.updateRecs (http://localhost:5500/src/ui-renderers.js:144:69)
    at Object.calculate (http://localhost:5500/src/ui-renderers.js:132:9)
    at window.onload (http://localhost:5500/src/main.js:124:9)
[  547567ms] [ERROR] The Content Security Policy directive 'frame-ancestors' is ignored when delivered via a <meta> element. @ http://localhost:5500/index.html:16
[  547573ms] [ERROR] Executing inline script violates the following Content Security Policy directive 'script-src 'self' 'sha384-tsCQS0ke6XMJa8OsPrBXsKsk6Y40fbUxlCfnLi3xWPtgH7TZXjLfXY6pv/Kb0FoU' https://cdn.jsdelivr.net https://cdnjs.cloudflare.com'. Either the 'unsafe-inline' keyword, a hash ('sha256-VSbWVt1jTZyKNhStSHwZJ3eqEydVTKtVm2djS16tIKA='), or a nonce ('nonce-...') is required to enable inline execution. The action has been blocked. @ http://localhost:5500/index.html:41
[  547828ms] ReferenceError: formatCurrency is not defined
    at Object.recAutomation (http://localhost:5500/src/i18n.js:98:41)
    at Object.updateRecs (http://localhost:5500/src/ui-renderers.js:144:69)
    at Object.calculate (http://localhost:5500/src/ui-renderers.js:132:9)
    at window.onload (http://localhost:5500/src/main.js:124:9)
[ 2530123ms] [ERROR] The Content Security Policy directive 'frame-ancestors' is ignored when delivered via a <meta> element. @ http://localhost:5500/index.html:16
[ 2530132ms] [ERROR] Executing inline script violates the following Content Security Policy directive 'script-src 'self' 'sha384-tsCQS0ke6XMJa8OsPrBXsKsk6Y40fbUxlCfnLi3xWPtgH7TZXjLfXY6pv/Kb0FoU' https://cdn.jsdelivr.net https://cdnjs.cloudflare.com'. Either the 'unsafe-inline' keyword, a hash ('sha256-VSbWVt1jTZyKNhStSHwZJ3eqEydVTKtVm2djS16tIKA='), or a nonce ('nonce-...') is required to enable inline execution. The action has been blocked. @ http://localhost:5500/index.html:41
[ 2530441ms] ReferenceError: formatCurrency is not defined
    at Object.recAutomation (http://localhost:5500/src/i18n.js:98:41)
    at Object.updateRecs (http://localhost:5500/src/ui-renderers.js:144:69)
    at Object.calculate (http://localhost:5500/src/ui-renderers.js:132:9)
    at window.onload (http://localhost:5500/src/main.js:124:9)
[ 5125863ms] [ERROR] The Content Security Policy directive 'frame-ancestors' is ignored when delivered via a <meta> element. @ http://localhost:5500/index.html:16
[ 5125869ms] [ERROR] Executing inline script violates the following Content Security Policy directive 'script-src 'self' 'sha384-tsCQS0ke6XMJa8OsPrBXsKsk6Y40fbUxlCfnLi3xWPtgH7TZXjLfXY6pv/Kb0FoU' https://cdn.jsdelivr.net https://cdnjs.cloudflare.com'. Either the 'unsafe-inline' keyword, a hash ('sha256-VSbWVt1jTZyKNhStSHwZJ3eqEydVTKtVm2djS16tIKA='), or a nonce ('nonce-...') is required to enable inline execution. The action has been blocked. @ http://localhost:5500/index.html:41
[ 5126199ms] ReferenceError: formatCurrency is not defined
    at Object.recAutomation (http://localhost:5500/src/i18n.js:98:41)
    at Object.updateRecs (http://localhost:5500/src/ui-renderers.js:144:69)
    at Object.calculate (http://localhost:5500/src/ui-renderers.js:132:9)
    at window.onload (http://localhost:5500/src/main.js:124:9)
